Lab4/4.4/homework/app/build/intermediates/manifest_merge_blame_file/debug/manifest-merger-blame-debug-report.txt
1<?xml version="1.0" encoding="utf-8"?>
2<manifest xmlns:android="http://schemas.android.com/apk/res/android"
3    package="com.example.todo2"
4    android:versionCode="1"
5    android:versionName="1.0" >
6
7    <uses-sdk
8        android:minSdkVersion="21"
8-->src\main\AndroidManifest.xml
9        android:targetSdkVersion="32" />
9-->src\main\AndroidManifest.xml
10
11    <application
11-->src\main\AndroidManifest.xml:5:5-35:19
12        android:allowBackup="true"
12-->src\main\AndroidManifest.xml:6:9-35
13        android:appComponentFactory="androidx.core.app.CoreComponentFactory"
13-->[androidx.core:core:1.7.0] AndroidManifest.xml:24:18-86
14        android:debuggable="true"
15        android:icon="@mipmap/ic_launcher"
15-->src\main\AndroidManifest.xml:7:9-43
16        android:label="@string/app_name"
16-->src\main\AndroidManifest.xml:8:9-41
17        android:roundIcon="@mipmap/ic_launcher_round"
17-->src\main\AndroidManifest.xml:9:9-54
18        android:supportsRtl="true"
18-->src\main\AndroidManifest.xml:10:9-35
19        android:testOnly="true"
20        android:theme="@style/Theme.ToDo2" >
20-->src\main\AndroidManifest.xml:11:9-43
21        <activity
21-->src\main\AndroidManifest.xml:12:9-15:40
22            android:name="com.example.todo2.DonutActivity"
22-->src\main\AndroidManifest.xml:13:13-42
23            android:exported="false"
23-->src\main\AndroidManifest.xml:15:13-37
24            android:parentActivityName="com.example.todo2.MainActivity" />
24-->src\main\AndroidManifest.xml:14:13-55
25        <activity
25-->src\main\AndroidManifest.xml:16:9-19:40
26            android:name="com.example.todo2.IceCreamActivity"
26-->src\main\AndroidManifest.xml:17:13-45
27            android:exported="false"
27-->src\main\AndroidManifest.xml:19:13-37
28            android:parentActivityName="com.example.todo2.MainActivity" />
28-->src\main\AndroidManifest.xml:18:13-55
29        <activity
29-->src\main\AndroidManifest.xml:20:9-23:40
30            android:name="com.example.todo2.FroyoActivity"
30-->src\main\AndroidManifest.xml:21:13-42
31            android:exported="false"
31-->src\main\AndroidManifest.xml:23:13-37
32            android:parentActivityName="com.example.todo2.MainActivity" />
32-->src\main\AndroidManifest.xml:22:13-55
33        <activity
33-->src\main\AndroidManifest.xml:24:9-34:20
34            android:name="com.example.todo2.MainActivity"
34-->src\main\AndroidManifest.xml:25:13-41
35            android:exported="true"
35-->src\main\AndroidManifest.xml:26:13-36
36            android:label="@string/app_name"
36-->src\main\AndroidManifest.xml:27:13-45
37            android:theme="@style/Theme.ToDo2.NoActionBar" >
37-->src\main\AndroidManifest.xml:28:13-59
38            <intent-filter>
38-->src\main\AndroidManifest.xml:29:13-33:29
39                <action android:name="android.intent.action.MAIN" />
39-->src\main\AndroidManifest.xml:30:17-69
39-->src\main\AndroidManifest.xml:30:25-66
40
41                <category android:name="android.intent.category.LAUNCHER" />
41-->src\main\AndroidManifest.xml:32:17-77
41-->src\main\AndroidManifest.xml:32:27-74
42            </intent-filter>
43        </activity>
44
45        <provider
45-->[androidx.emoji2:emoji2:1.0.0] AndroidManifest.xml:26:9-34:20
46            android:name="androidx.startup.InitializationProvider"
46-->[androidx.emoji2:emoji2:1.0.0] AndroidManifest.xml:27:13-67
47            android:authorities="com.example.todo2.androidx-startup"
47-->[androidx.emoji2:emoji2:1.0.0] AndroidManifest.xml:28:13-68
48            android:exported="false" >
48-->[androidx.emoji2:emoji2:1.0.0] AndroidManifest.xml:29:13-37
49            <meta-data
49-->[androidx.emoji2:emoji2:1.0.0] AndroidManifest.xml:31:13-33:52
50                android:name="androidx.emoji2.text.EmojiCompatInitializer"
50-->[androidx.emoji2:emoji2:1.0.0] AndroidManifest.xml:32:17-75
51                android:value="androidx.startup" />
51-->[androidx.emoji2:emoji2:1.0.0] AndroidManifest.xml:33:17-49
52            <meta-data
52-->[androidx.lifecycle:lifecycle-process:2.4.0] AndroidManifest.xml:31:13-33:52
53                android:name="androidx.lifecycle.ProcessLifecycleInitializer"
53-->[androidx.lifecycle:lifecycle-process:2.4.0] AndroidManifest.xml:32:17-78
54                android:value="androidx.startup" />
54-->[androidx.lifecycle:lifecycle-process:2.4.0] AndroidManifest.xml:33:17-49
55        </provider>
56
57        <uses-library
57-->[androidx.window:window:1.0.0] AndroidManifest.xml:25:9-27:40
58            android:name="androidx.window.extensions"
58-->[androidx.window:window:1.0.0] AndroidManifest.xml:26:13-54
59            android:required="false" />
59-->[androidx.window:window:1.0.0] AndroidManifest.xml:27:13-37
60        <uses-library
60-->[androidx.window:window:1.0.0] AndroidManifest.xml:28:9-30:40
61            android:name="androidx.window.sidecar"
61-->[androidx.window:window:1.0.0] AndroidManifest.xml:29:13-51
62            android:required="false" />
62-->[androidx.window:window:1.0.0] AndroidManifest.xml:30:13-37
63    </application>
64
65</manifest>